<?xml version="1.0" encoding="UTF-8"?>
<!-- Generated by org.testng.reporters.JUnitReportReporter -->
<testsuite skipped="0" hostname="DESKTOP-7JQ3E99" name="uk.co.library.testsuite.JobSearchTest" tests="7" failures="0" timestamp="2022-05-10T02:54:56 GMT-11:00" time="53.532" errors="0">
  <testcase name="verifyJobSearchResultUsingDifferentDataSet" time="8.278" classname="uk.co.library.testsuite.JobSearchTest"/>
  <system-out>
    <![CDATA[Enter job Title:[[ChromeDriver: chrome on WINDOWS (a64b7030cedfcd33fa6b301a17f4e4df)] -> xpath: //input[@id='keywords']]<br>
Enter location:[[ChromeDriver: chrome on WINDOWS (a64b7030cedfcd33fa6b301a17f4e4df)] -> xpath: //input[@id='location']]<br>
select distance:[[ChromeDriver: chrome on WINDOWS (a64b7030cedfcd33fa6b301a17f4e4df)] -> xpath: //select[@id='distance']]<br>
click on  more search option:[[ChromeDriver: chrome on WINDOWS (a64b7030cedfcd33fa6b301a17f4e4df)] -> xpath: //button[@id='toggle-hp-search']]<br>]]>
  </system-out>
  <testcase name="verifyJobSearchResultUsingDifferentDataSet" time="7.161" classname="uk.co.library.testsuite.JobSearchTest"/>
  <system-out>
    <![CDATA[Enter job Title:[[ChromeDriver: chrome on WINDOWS (b6064a66008a1e31d6a5c15e53efe2d1)] -> xpath: //input[@id='keywords']]<br>
Enter location:[[ChromeDriver: chrome on WINDOWS (b6064a66008a1e31d6a5c15e53efe2d1)] -> xpath: //input[@id='location']]<br>
select distance:[[ChromeDriver: chrome on WINDOWS (b6064a66008a1e31d6a5c15e53efe2d1)] -> xpath: //select[@id='distance']]<br>
click on  more search option:[[ChromeDriver: chrome on WINDOWS (b6064a66008a1e31d6a5c15e53efe2d1)] -> xpath: //button[@id='toggle-hp-search']]<br>]]>
  </system-out>
  <testcase name="verifyJobSearchResultUsingDifferentDataSet" time="6.880" classname="uk.co.library.testsuite.JobSearchTest"/>
  <system-out>
    <![CDATA[Enter job Title:[[ChromeDriver: chrome on WINDOWS (ff358a9f5b0c4ed7f48cf302dc43f43f)] -> xpath: //input[@id='keywords']]<br>
Enter location:[[ChromeDriver: chrome on WINDOWS (ff358a9f5b0c4ed7f48cf302dc43f43f)] -> xpath: //input[@id='location']]<br>
select distance:[[ChromeDriver: chrome on WINDOWS (ff358a9f5b0c4ed7f48cf302dc43f43f)] -> xpath: //select[@id='distance']]<br>
click on  more search option:[[ChromeDriver: chrome on WINDOWS (ff358a9f5b0c4ed7f48cf302dc43f43f)] -> xpath: //button[@id='toggle-hp-search']]<br>]]>
  </system-out>
  <testcase name="verifyJobSearchResultUsingDifferentDataSet" time="7.863" classname="uk.co.library.testsuite.JobSearchTest"/>
  <system-out>
    <![CDATA[Enter job Title:[[ChromeDriver: chrome on WINDOWS (29b82fc41b920e370a5e0f096fa88dfc)] -> xpath: //input[@id='keywords']]<br>
Enter location:[[ChromeDriver: chrome on WINDOWS (29b82fc41b920e370a5e0f096fa88dfc)] -> xpath: //input[@id='location']]<br>
select distance:[[ChromeDriver: chrome on WINDOWS (29b82fc41b920e370a5e0f096fa88dfc)] -> xpath: //select[@id='distance']]<br>
click on  more search option:[[ChromeDriver: chrome on WINDOWS (29b82fc41b920e370a5e0f096fa88dfc)] -> xpath: //button[@id='toggle-hp-search']]<br>]]>
  </system-out>
  <testcase name="verifyJobSearchResultUsingDifferentDataSet" time="8.582" classname="uk.co.library.testsuite.JobSearchTest"/>
  <system-out>
    <![CDATA[Enter job Title:[[ChromeDriver: chrome on WINDOWS (fef82e2e23e3be83767c6d96514202cb)] -> xpath: //input[@id='keywords']]<br>
Enter location:[[ChromeDriver: chrome on WINDOWS (fef82e2e23e3be83767c6d96514202cb)] -> xpath: //input[@id='location']]<br>
select distance:[[ChromeDriver: chrome on WINDOWS (fef82e2e23e3be83767c6d96514202cb)] -> xpath: //select[@id='distance']]<br>
click on  more search option:[[ChromeDriver: chrome on WINDOWS (fef82e2e23e3be83767c6d96514202cb)] -> xpath: //button[@id='toggle-hp-search']]<br>]]>
  </system-out>
  <testcase name="verifyJobSearchResultUsingDifferentDataSet" time="8.169" classname="uk.co.library.testsuite.JobSearchTest"/>
  <system-out>
    <![CDATA[Enter job Title:[[ChromeDriver: chrome on WINDOWS (776e2a1784552264fa7de67d27bf1292)] -> xpath: //input[@id='keywords']]<br>
Enter location:[[ChromeDriver: chrome on WINDOWS (776e2a1784552264fa7de67d27bf1292)] -> xpath: //input[@id='location']]<br>
select distance:[[ChromeDriver: chrome on WINDOWS (776e2a1784552264fa7de67d27bf1292)] -> xpath: //select[@id='distance']]<br>
click on  more search option:[[ChromeDriver: chrome on WINDOWS (776e2a1784552264fa7de67d27bf1292)] -> xpath: //button[@id='toggle-hp-search']]<br>]]>
  </system-out>
  <testcase name="verifyJobSearchResultUsingDifferentDataSet" time="6.599" classname="uk.co.library.testsuite.JobSearchTest"/>
  <system-out>
    <![CDATA[Enter job Title:[[ChromeDriver: chrome on WINDOWS (e04800e76730c6fd04ca5c5c596a18c4)] -> xpath: //input[@id='keywords']]<br>
Enter location:[[ChromeDriver: chrome on WINDOWS (e04800e76730c6fd04ca5c5c596a18c4)] -> xpath: //input[@id='location']]<br>
select distance:[[ChromeDriver: chrome on WINDOWS (e04800e76730c6fd04ca5c5c596a18c4)] -> xpath: //select[@id='distance']]<br>
click on  more search option:[[ChromeDriver: chrome on WINDOWS (e04800e76730c6fd04ca5c5c596a18c4)] -> xpath: //button[@id='toggle-hp-search']]<br>]]>
  </system-out>
</testsuite> <!-- uk.co.library.testsuite.JobSearchTest -->
